\BOOKMARK [0][-]{chapter*.3}{I. Generalidades del proyecto}{}% 1
\BOOKMARK [1][-]{chapter*.4}{1.1. Introducci\363n}{chapter*.3}% 2
\BOOKMARK [1][-]{section*.5}{1.2. Descripci\363n de la empresa u organizaci\363n y del puesto o \341rea del trabajo el estudiante.}{chapter*.3}% 3
\BOOKMARK [2][-]{section*.6}{1.2.1 Descripci\363n de la empresa}{section*.5}% 4
\BOOKMARK [3][-]{section*.7}{1.2.1.1. Misi\363n}{section*.6}% 5
\BOOKMARK [3][-]{section*.8}{1.2.1.2. Visi\363n}{section*.6}% 6
\BOOKMARK [3][-]{section*.9}{1.2.1.3. Objetivos}{section*.6}% 7
\BOOKMARK [3][-]{section*.10}{1.2.1.4. Organigrama}{section*.6}% 8
\BOOKMARK [2][-]{section*.11}{1.2.2 Descripci\363n del \341rea de trabajo en donde se inserta el proyecto de residencia.}{section*.5}% 9
\BOOKMARK [1][-]{section*.12}{1.3. Problemas a resolver}{chapter*.3}% 10
\BOOKMARK [1][-]{section*.13}{1.4. Objetivos}{chapter*.3}% 11
\BOOKMARK [2][-]{section*.14}{1.4.1 Objetivo general}{section*.13}% 12
\BOOKMARK [2][-]{section*.15}{1.4.2 Objetivos espec\355ficos}{section*.13}% 13
\BOOKMARK [1][-]{section*.16}{1.5. Justificaci\363n}{chapter*.3}% 14
\BOOKMARK [0][-]{section*.17}{II. Marco te\363rico}{}% 15
\BOOKMARK [1][-]{chapter*.18}{2.1. Marco conceptual}{section*.17}% 16
\BOOKMARK [1][-]{section*.19}{2.2. Discusi\363n te\363rica}{section*.17}% 17
\BOOKMARK [0][-]{section*.20}{III. Desarrollo}{}% 18
\BOOKMARK [1][-]{chapter*.21}{3.1. Procedimiento y descripci\363n de las actividades realizadas}{section*.20}% 19
\BOOKMARK [2][-]{section*.22}{3.1.1. Diagrama de flujo}{chapter*.21}% 20
\BOOKMARK [0][-]{section*.23}{IV. Resultados}{}% 21
\BOOKMARK [1][-]{chapter*.24}{4.1. Exposici\363n de resultados}{section*.23}% 22
\BOOKMARK [0][-]{section*.25}{V. Conclusiones}{}% 23
\BOOKMARK [1][-]{chapter*.26}{5.1. Conclusiones del proyecto}{section*.25}% 24
\BOOKMARK [1][-]{section*.27}{5.2. Recomendaciones}{section*.25}% 25
\BOOKMARK [1][-]{section*.28}{5.3. Experiencia personal profesional adquirida}{section*.25}% 26
\BOOKMARK [0][-]{section*.29}{VI. Competencias desarrolladas}{}% 27
\BOOKMARK [0][-]{chapter*.30}{VII. Fuentes de informaci\363n}{}% 28
\BOOKMARK [0][-]{chapter*.31}{VIII. Anexos}{}% 29
\BOOKMARK [0][-]{chapter*.32}{Imagenes}{}% 30
\BOOKMARK [0][-]{chapter*.33}{Tablas}{}% 31
